Proba 2018-01-11 20:42:23.477343.
iteracja: 0   average loss:19789761.495
iteracja: 1   average loss:6281689.745
iteracja: 2   average loss:1667838.35
iteracja: 3   average loss:295820.965
iteracja: 4   average loss:37856.665
iteracja: 5   average loss:164088.85
iteracja: 6   average loss:287.5
iteracja: 7   average loss:287.5
iteracja: 8   average loss:287.5
iteracja: 9   average loss:54427.18
iteracja: 10   average loss:54427.18
iteracja: 11   average loss:287.5
iteracja: 12   average loss:287.5
iteracja: 13   average loss:287.5
iteracja: 14   average loss:287.5
iteracja: 15   average loss:287.5
iteracja: 16   average loss:287.5
iteracja: 17   average loss:287.5
iteracja: 18   average loss:287.5
iteracja: 19   average loss:287.5

Nominaly [1, 2, 5, 10, 20, 50, 100, 200, 500]
Cel: 200
Rozwiazanie:  [68, 54, 1, 2, 0, 0, 0, 0, 0]
Liczba monet: 125
Suma monet: 201
Loss: 287.5
Proba 2018-01-11 20:43:53.593199.
iteracja: 0   average loss:12701643.335
iteracja: 1   average loss:5245571.125
iteracja: 2   average loss:831923.09
iteracja: 3   average loss:106656.795
iteracja: 4   average loss:70675.72
iteracja: 5   average loss:63024.04
iteracja: 6   average loss:254276.65
iteracja: 7   average loss:40069.0
iteracja: 8   average loss:40069.0
iteracja: 9   average loss:40069.0
iteracja: 10   average loss:40069.0
iteracja: 11   average loss:40069.0
iteracja: 12   average loss:40069.0
iteracja: 13   average loss:40069.0
iteracja: 14   average loss:424069.12
iteracja: 15   average loss:40069.0
iteracja: 16   average loss:40069.0
iteracja: 17   average loss:40069.0
iteracja: 18   average loss:40069.0
iteracja: 19   average loss:40069.0

Nominaly [1, 2, 5, 10, 20, 50, 100, 200, 500]
Cel: 200
Rozwiazanie:  0
Proba 2018-01-11 20:44:21.070704.
iteracja: 0   average loss:15220838.015
iteracja: 1   average loss:6227294.415
iteracja: 2   average loss:1029265.905
iteracja: 3   average loss:80128.51
iteracja: 4   average loss:6716.055
iteracja: 5   average loss:479.5
iteracja: 6   average loss:479.5
iteracja: 7   average loss:479.5
iteracja: 8   average loss:479.5
iteracja: 9   average loss:479.5
iteracja: 10   average loss:479.5
iteracja: 11   average loss:1439.59
iteracja: 12   average loss:89770.66
iteracja: 13   average loss:479.5
iteracja: 14   average loss:479.5
iteracja: 15   average loss:29279.545
iteracja: 16   average loss:479.5
iteracja: 17   average loss:479.5
iteracja: 18   average loss:479.5
iteracja: 19   average loss:479.5

Nominaly [1, 2, 5, 10, 20, 50, 100, 200, 500]
Cel: 200
Rozwiazanie:  [29, 12, 3, 5, 4, 0, 0, 0, 0]
Liczba monet: 53
Suma monet: 198
Loss: 479.5
Proba 2018-01-11 23:25:07.288865.
iteracja: 0   average loss:21949935.43
iteracja: 1   average loss:8587446.58
iteracja: 2   average loss:2756348.775
iteracja: 3   average loss:631357.99
iteracja: 4   average loss:299907.19
iteracja: 5   average loss:28015.9
iteracja: 6   average loss:28015.9
iteracja: 7   average loss:64871.545
iteracja: 8   average loss:25741.0
iteracja: 9   average loss:25741.0
iteracja: 10   average loss:27341.15
iteracja: 11   average loss:25741.0
iteracja: 12   average loss:25741.0
iteracja: 13   average loss:25741.0
iteracja: 14   average loss:25741.0
iteracja: 15   average loss:46141.09
iteracja: 16   average loss:25741.0
iteracja: 17   average loss:25741.0
iteracja: 18   average loss:25741.0
iteracja: 19   average loss:25741.0

Nominaly [1, 2, 5, 10, 20, 50, 100, 200, 500]
Cel: 200
Rozwiazanie:  0
Proba 2018-01-11 23:25:14.277816.
iteracja: 0   average loss:14458094.625
iteracja: 1   average loss:7261170.79
iteracja: 2   average loss:1950031.53
iteracja: 3   average loss:827290.55
iteracja: 4   average loss:230200.42
iteracja: 5   average loss:86532.92
iteracja: 6   average loss:61178.38
iteracja: 7   average loss:53020.0
iteracja: 8   average loss:137347.44
iteracja: 9   average loss:53020.0
iteracja: 10   average loss:53020.0
iteracja: 11   average loss:73495.675
iteracja: 12   average loss:53020.0
iteracja: 13   average loss:67620.075
iteracja: 14   average loss:126020.375
iteracja: 15   average loss:54504.505
iteracja: 16   average loss:54504.505
iteracja: 17   average loss:109456.09
iteracja: 18   average loss:235301.47
iteracja: 19   average loss:53819.94

Nominaly [1, 2, 5, 10, 20, 50, 100, 200, 500]
Cel: 200
Rozwiazanie:  0
Proba 2018-01-11 23:25:28.242445.
iteracja: 0   average loss:20220520.4
iteracja: 1   average loss:8541205.105
iteracja: 2   average loss:2681041.885
iteracja: 3   average loss:1176030.29
iteracja: 4   average loss:1068380.31
iteracja: 5   average loss:1040481.0
iteracja: 6   average loss:1038540.985
iteracja: 7   average loss:1030780.925
iteracja: 8   average loss:993920.64
iteracja: 9   average loss:863939.635
iteracja: 10   average loss:846479.5
iteracja: 11   average loss:846479.5
iteracja: 12   average loss:846479.5
iteracja: 13   average loss:846479.5
iteracja: 14   average loss:846479.5
iteracja: 15   average loss:846479.5
iteracja: 16   average loss:846479.5
iteracja: 17   average loss:846479.5
iteracja: 18   average loss:846479.5
iteracja: 19   average loss:846479.5

Nominaly [1, 2, 5, 10, 20, 50, 100, 200, 500]
Cel: 200
Rozwiazanie:  0
Proba 2018-01-11 23:25:47.316454.
iteracja: 0   average loss:19663877.625
iteracja: 1   average loss:8005175.48
iteracja: 2   average loss:2621008.77
iteracja: 3   average loss:512495.71
iteracja: 4   average loss:207222.445
iteracja: 5   average loss:99228.94
iteracja: 6   average loss:8716.0
iteracja: 7   average loss:7696.03
iteracja: 8   average loss:2701.84
iteracja: 9   average loss:1741.0
iteracja: 10   average loss:37212.43
iteracja: 11   average loss:1741.0
iteracja: 12   average loss:1741.0
iteracja: 13   average loss:1741.0
iteracja: 14   average loss:1741.0
iteracja: 15   average loss:9422.8
iteracja: 16   average loss:1741.0
iteracja: 17   average loss:55501.72
iteracja: 18   average loss:1741.0
iteracja: 19   average loss:1741.0

Nominaly [1, 2, 5, 10, 20, 50, 100, 200, 500]
Cel: 200
Rozwiazanie:  [80, 8, 2, 2, 1, 1, 0, 0, 0]
Liczba monet: 94
Suma monet: 196
Loss: 1741.0
Proba 2018-01-11 23:29:26.774279.
Proba 2018-01-11 23:30:17.614243.
Proba 2018-01-11 23:32:35.417355.
Proba 2018-01-11 23:34:20.051173.
Proba 2018-01-11 23:37:25.558537.
Proba 2018-01-11 23:39:41.206911.
Proba 2018-01-11 23:41:00.676704.
Proba 2018-01-11 23:42:27.541058.
Proba 2018-01-11 23:43:01.541702.
Proba 2018-01-11 23:43:11.304018.
Proba 2018-01-11 23:52:07.996241.
Proba 2018-01-12 00:06:56.543610.
Proba 2018-01-12 00:07:13.447026.
Proba 2018-01-12 00:07:43.756598.
Proba 2018-01-12 00:08:06.636611.
Proba 2018-01-12 00:11:24.004347.
Proba 2018-01-12 00:32:38.975155.
Proba 2018-01-12 00:32:40.839909.
Proba 2018-01-12 00:32:42.944350.
Proba 2018-01-12 00:32:45.048532.
Proba 2018-01-12 00:32:47.551871.
Proba 2018-01-12 00:32:49.681891.
Proba 2018-01-12 00:32:51.901041.
Proba 2018-01-12 00:32:54.320397.
Proba 2018-01-12 00:32:56.441276.
Proba 2018-01-12 00:32:58.641865.
Proba 2018-01-12 00:33:01.111967.
Proba 2018-01-12 00:35:28.778934.
Proba 2018-01-12 00:35:30.789092.
Proba 2018-01-12 00:35:32.926872.
Proba 2018-01-12 00:35:35.331347.
Proba 2018-01-12 00:35:37.128193.
Proba 2018-01-12 00:35:39.231758.
Proba 2018-01-12 00:35:41.608541.
Proba 2018-01-12 00:35:43.687334.
Proba 2018-01-12 00:35:46.112386.
Proba 2018-01-12 00:35:48.605187.
Proba 2018-01-12 00:35:50.798252.
Proba 2018-01-12 00:36:21.373912.
Proba 2018-01-12 00:36:23.467176.
Proba 2018-01-12 00:36:26.489056.
Proba 2018-01-12 00:36:28.625288.
Proba 2018-01-12 00:36:30.811379.
Proba 2018-01-12 00:36:33.283200.
Proba 2018-01-12 00:36:35.496359.
Proba 2018-01-12 00:36:37.631456.
Proba 2018-01-12 00:36:39.984191.
Proba 2018-01-12 00:36:42.169061.
Proba 2018-01-12 00:36:44.321249.
Proba 2018-01-12 00:39:08.666467.
Proba 2018-01-12 00:39:10.474899.
Proba 2018-01-12 00:39:12.640415.
Proba 2018-01-12 00:39:15.125292.
Proba 2018-01-12 00:39:17.322768.
Proba 2018-01-12 00:39:19.498886.
Proba 2018-01-12 00:39:22.083374.
Proba 2018-01-12 00:39:24.280459.
Proba 2018-01-12 00:39:27.244272.
Proba 2018-01-12 00:39:29.429469.
Proba 2018-01-12 00:39:31.955852.
Proba 2018-01-12 00:40:41.962465.
Proba 2018-01-12 00:40:43.973194.
Proba 2018-01-12 00:40:46.482862.
Proba 2018-01-12 00:40:49.020411.
Proba 2018-01-12 00:40:51.404889.
Proba 2018-01-12 00:40:53.659462.
Proba 2018-01-12 00:40:56.253161.
Proba 2018-01-12 00:40:58.367374.
Proba 2018-01-12 00:41:00.606511.
Proba 2018-01-12 00:41:03.028886.
Proba 2018-01-12 00:41:05.315601.
Proba 2018-01-12 00:41:32.982184.
Proba 2018-01-12 00:41:34.906221.
Proba 2018-01-12 00:41:37.135499.
Proba 2018-01-12 00:41:39.532571.
Proba 2018-01-12 00:41:41.718457.
Proba 2018-01-12 00:41:43.954530.
Proba 2018-01-12 00:41:46.456654.
Proba 2018-01-12 00:41:48.680001.
Proba 2018-01-12 00:41:50.870077.
Proba 2018-01-12 00:41:53.409669.
Proba 2018-01-12 00:41:55.638797.
Proba 2018-01-12 00:43:03.214727.
Proba 2018-01-12 00:43:05.186207.
Proba 2018-01-12 00:43:07.599581.
Proba 2018-01-12 00:43:09.791653.
Proba 2018-01-12 00:43:11.875669.
Proba 2018-01-12 00:43:14.216098.
Proba 2018-01-12 00:43:16.586148.
Proba 2018-01-12 00:43:18.834250.
Proba 2018-01-12 00:43:21.317139.
Proba 2018-01-12 00:43:23.442285.
Proba 2018-01-12 00:43:24.905112.
Proba 2018-01-12 00:47:44.104156.
Proba 2018-01-12 00:47:46.059494.
Proba 2018-01-12 00:47:48.505549.
Proba 2018-01-12 00:47:50.706389.
Proba 2018-01-12 00:47:52.952024.
Proba 2018-01-12 00:47:55.487211.
Proba 2018-01-12 00:47:57.635878.
Proba 2018-01-12 00:47:59.936390.
Proba 2018-01-12 00:48:02.450853.
Proba 2018-01-12 00:48:04.656284.
Proba 2018-01-12 00:48:06.946120.
Proba 2018-01-12 00:49:00.706023.
Proba 2018-01-12 00:49:01.739066.
Proba 2018-01-12 00:49:03.220677.
Proba 2018-01-12 00:49:04.358868.
Proba 2018-01-12 00:49:05.610818.
Proba 2018-01-12 00:49:07.025502.
Proba 2018-01-12 00:49:08.199462.
Proba 2018-01-12 00:49:09.422181.
Proba 2018-01-12 00:49:10.888058.
Proba 2018-01-12 00:49:12.034050.
Proba 2018-01-12 00:49:13.226663.
Proba 2018-01-12 00:51:14.081793.
Proba 2018-01-12 00:51:16.151064.
Proba 2018-01-12 00:51:18.523036.
Proba 2018-01-12 00:51:20.996323.
Proba 2018-01-12 00:51:23.316558.
Proba 2018-01-12 00:51:25.486528.
Proba 2018-01-12 00:51:28.516439.
Proba 2018-01-12 00:51:30.676876.
Proba 2018-01-12 00:51:33.009220.
Proba 2018-01-12 00:51:35.543845.
Proba 2018-01-12 00:51:37.653697.
Proba 2018-01-12 00:52:57.516515.
Proba 2018-01-12 00:52:59.542954.
Proba 2018-01-12 00:53:01.733011.
Proba 2018-01-12 00:53:04.369374.
Proba 2018-01-12 00:53:06.565262.
Proba 2018-01-12 00:53:08.761258.
Proba 2018-01-12 00:53:11.337740.
Proba 2018-01-12 00:53:13.737449.
Proba 2018-01-12 00:53:16.070389.
Proba 2018-01-12 00:53:18.655680.
Proba 2018-01-12 00:53:20.917291.
Proba 2018-01-12 00:54:47.117076.
Proba 2018-01-12 00:54:49.112367.
Proba 2018-01-12 00:54:51.562967.
Proba 2018-01-12 00:54:53.743946.
Proba 2018-01-12 00:54:56.026145.
Proba 2018-01-12 00:54:58.601167.
Proba 2018-01-12 00:55:00.876620.
Proba 2018-01-12 00:55:03.201220.
Proba 2018-01-12 00:55:05.703507.
Proba 2018-01-12 00:55:07.971977.
Proba 2018-01-12 00:55:10.290248.
Proba 2018-01-12 01:12:44.553632.
Proba 2018-01-12 01:12:46.563735.
Proba 2018-01-12 01:12:49.172672.
Proba 2018-01-12 01:12:51.313054.
Proba 2018-01-12 01:12:53.531138.
Proba 2018-01-12 01:12:55.940513.
Proba 2018-01-12 01:12:58.141576.
Proba 2018-01-12 01:13:00.371784.
Proba 2018-01-12 01:13:02.833577.
Proba 2018-01-12 01:13:05.147880.
Proba 2018-01-12 01:13:07.332664.
Proba 2018-01-12 01:15:51.846806.
Proba 2018-01-12 01:15:54.132330.
Proba 2018-01-12 01:15:56.308338.
Proba 2018-01-12 01:15:59.090108.
Proba 2018-01-12 01:16:01.206883.
Proba 2018-01-12 01:16:03.395861.
Proba 2018-01-12 01:16:05.887852.
Proba 2018-01-12 01:16:08.014636.
Proba 2018-01-12 01:16:10.238286.
Proba 2018-01-12 01:16:12.776361.
Proba 2018-01-12 01:16:51.705815.
Proba 2018-01-12 01:16:53.807456.
Proba 2018-01-12 01:16:55.926971.
Proba 2018-01-12 01:16:58.363403.
Proba 2018-01-12 01:17:00.569972.
Proba 2018-01-12 01:17:02.716308.
Proba 2018-01-12 01:17:04.939388.
Proba 2018-01-12 01:17:07.423867.
Proba 2018-01-12 01:17:09.630546.
Proba 2018-01-12 01:17:11.847229.
Proba 2018-01-12 01:18:02.307673.
Proba 2018-01-12 01:18:04.645560.
Proba 2018-01-12 01:18:06.822879.
Proba 2018-01-12 01:18:09.264497.
Proba 2018-01-12 01:18:11.709611.
Proba 2018-01-12 01:18:13.867046.
Proba 2018-01-12 01:18:16.141273.
Proba 2018-01-12 01:18:18.539628.
Proba 2018-01-12 01:18:20.771776.
Proba 2018-01-12 01:18:23.034876.
Proba 2018-01-12 01:19:29.453163.
Proba 2018-01-12 01:19:31.383574.
Proba 2018-01-12 01:19:33.413391.
Proba 2018-01-12 01:19:35.691805.
Proba 2018-01-12 01:19:38.125141.
Proba 2018-01-12 01:19:40.283961.
Proba 2018-01-12 01:19:42.600995.
Proba 2018-01-12 01:19:45.103942.
Proba 2018-01-12 01:19:47.342163.
Proba 2018-01-12 01:19:49.590953.
Proba 2018-01-12 01:21:00.285572.
Proba 2018-01-12 01:21:02.346820.
Proba 2018-01-12 01:21:04.924666.
Proba 2018-01-12 01:21:07.098345.
Proba 2018-01-12 01:21:09.293233.
Proba 2018-01-12 01:21:11.965092.
Proba 2018-01-12 01:21:14.157138.
Proba 2018-01-12 01:21:16.393452.
Proba 2018-01-12 01:21:19.065712.
Proba 2018-01-12 01:21:21.267050.
Proba 2018-01-12 01:22:08.728140.
Proba 2018-01-12 01:22:11.050802.
Proba 2018-01-12 01:22:13.755976.
Proba 2018-01-12 01:22:16.185404.
Proba 2018-01-12 01:22:18.266190.
Proba 2018-01-12 01:22:20.707026.
Proba 2018-01-12 01:22:22.829644.
Proba 2018-01-12 01:22:24.950845.
Proba 2018-01-12 01:22:27.861920.
Proba 2018-01-12 01:22:30.042974.
Proba 2018-01-12 01:24:18.080707.
Proba 2018-01-12 01:25:31.564860.
Proba 2018-01-12 01:25:31.952065.
Proba 2018-01-12 01:25:32.342902.
Proba 2018-01-12 01:25:32.736999.
Proba 2018-01-12 01:25:33.126266.
Proba 2018-01-12 01:25:33.513384.
Proba 2018-01-12 01:25:33.898836.
Proba 2018-01-12 01:25:34.286135.
Proba 2018-01-12 01:25:34.670524.
Proba 2018-01-12 01:25:35.054082.
Proba 2018-01-12 01:25:43.413622.
Proba 2018-01-12 01:25:43.830493.
Proba 2018-01-12 01:25:44.243991.
Proba 2018-01-12 01:25:44.644782.
Proba 2018-01-12 01:25:45.033369.
Proba 2018-01-12 01:25:45.432832.
Proba 2018-01-12 01:25:45.828913.
Proba 2018-01-12 01:25:46.222534.
Proba 2018-01-12 01:25:46.611890.
Proba 2018-01-12 01:25:47.021290.
Proba 2018-01-12 01:26:02.940523.
Proba 2018-01-12 01:26:03.331716.
Proba 2018-01-12 01:26:03.749757.
Proba 2018-01-12 01:26:04.148775.
Proba 2018-01-12 01:26:04.535486.
Proba 2018-01-12 01:26:04.927107.
Proba 2018-01-12 01:26:05.312634.
Proba 2018-01-12 01:26:05.696616.
Proba 2018-01-12 01:26:06.078849.
Proba 2018-01-12 01:26:06.461773.
Proba 2018-01-12 01:26:06.849216.
Proba 2018-01-12 01:26:07.232474.
Proba 2018-01-12 01:26:07.615866.
Proba 2018-01-12 01:26:07.998221.
Proba 2018-01-12 01:26:08.382297.
Proba 2018-01-12 01:26:08.764332.
Proba 2018-01-12 01:26:09.152479.
Proba 2018-01-12 01:26:09.536019.
Proba 2018-01-12 01:26:09.918548.
Proba 2018-01-12 01:26:10.300869.
Proba 2018-01-12 01:26:10.687375.
Proba 2018-01-12 01:26:11.076015.
Proba 2018-01-12 01:26:11.462990.
Proba 2018-01-12 01:26:11.846001.
Proba 2018-01-12 01:26:12.228896.
Proba 2018-01-12 01:26:12.613920.
Proba 2018-01-12 01:26:12.996722.
Proba 2018-01-12 01:26:13.384111.
Proba 2018-01-12 01:26:13.765026.
Proba 2018-01-12 01:26:14.147588.
Proba 2018-01-12 01:26:14.529962.
Proba 2018-01-12 01:26:14.913167.
Proba 2018-01-12 01:26:15.300183.
Proba 2018-01-12 01:26:15.684846.
Proba 2018-01-12 01:26:16.066276.
Proba 2018-01-12 01:26:16.447980.
Proba 2018-01-12 01:26:16.830525.
Proba 2018-01-12 01:26:17.212559.
Proba 2018-01-12 01:26:17.599416.
Proba 2018-01-12 01:26:17.982574.
Proba 2018-01-12 01:26:18.365936.
Proba 2018-01-12 01:26:18.748855.
Proba 2018-01-12 01:26:19.131708.
Proba 2018-01-12 01:26:19.513207.
Proba 2018-01-12 01:26:19.900223.
Proba 2018-01-12 01:26:20.282300.
Proba 2018-01-12 01:26:20.667130.
Proba 2018-01-12 01:26:21.052586.
Proba 2018-01-12 01:26:21.438723.
Proba 2018-01-12 01:26:21.828874.
Proba 2018-01-12 01:26:22.213917.
Proba 2018-01-12 01:26:22.610528.
Proba 2018-01-12 01:26:23.063817.
Proba 2018-01-12 01:26:23.513601.
Proba 2018-01-12 01:26:23.915393.
Proba 2018-01-12 01:26:24.317510.
Proba 2018-01-12 01:26:24.729955.
Proba 2018-01-12 01:26:25.112181.
Proba 2018-01-12 01:26:25.495975.
Proba 2018-01-12 01:26:25.878156.
Proba 2018-01-12 01:26:26.269655.
Proba 2018-01-12 01:26:26.655171.
Proba 2018-01-12 01:26:27.038812.
Proba 2018-01-12 01:26:27.422373.
Proba 2018-01-12 01:26:27.806364.
Proba 2018-01-12 01:26:28.198251.
Proba 2018-01-12 01:26:28.583054.
Proba 2018-01-12 01:26:28.969793.
Proba 2018-01-12 01:26:29.353884.
Proba 2018-01-12 01:26:29.740952.
Proba 2018-01-12 01:26:30.124322.
Proba 2018-01-12 01:26:30.513074.
Proba 2018-01-12 01:26:30.896279.
Proba 2018-01-12 01:26:31.279274.
Proba 2018-01-12 01:26:31.661425.
Proba 2018-01-12 01:26:32.043189.
Proba 2018-01-12 01:26:32.433522.
Proba 2018-01-12 01:26:32.818828.
Proba 2018-01-12 01:26:33.202582.
Proba 2018-01-12 01:26:33.585117.
Proba 2018-01-12 01:26:33.968000.
Proba 2018-01-12 01:26:34.351464.
Proba 2018-01-12 01:26:34.740845.
Proba 2018-01-12 01:26:35.124376.
Proba 2018-01-12 01:26:35.511385.
Proba 2018-01-12 01:26:35.895216.
Proba 2018-01-12 01:26:36.279188.
Proba 2018-01-12 01:26:36.670937.
Proba 2018-01-12 01:26:37.055234.
Proba 2018-01-12 01:26:37.438684.
Proba 2018-01-12 01:26:37.822122.
Proba 2018-01-12 01:26:38.205881.
Proba 2018-01-12 01:26:38.591220.
Proba 2018-01-12 01:26:38.983625.
Proba 2018-01-12 01:26:39.399934.
Proba 2018-01-12 01:26:39.798313.
Proba 2018-01-12 01:26:40.198075.
Proba 2018-01-12 01:26:40.591539.
Proba 2018-01-12 01:26:40.982163.
Proba 2018-01-12 01:26:41.366422.
Proba 2018-01-12 01:27:24.953578.
Proba 2018-01-12 01:27:25.339956.
Proba 2018-01-12 01:27:25.728917.
Proba 2018-01-12 01:27:26.130957.
Proba 2018-01-12 01:27:26.524009.
Proba 2018-01-12 01:27:26.909209.
Proba 2018-01-12 01:27:27.293589.
Proba 2018-01-12 01:27:27.677140.
Proba 2018-01-12 01:27:28.059649.
Proba 2018-01-12 01:27:28.442014.
Proba 2018-01-12 01:27:28.826258.
Proba 2018-01-12 01:27:29.210976.
Proba 2018-01-12 01:27:29.607387.
Proba 2018-01-12 01:27:29.991323.
Proba 2018-01-12 01:27:30.374028.
Proba 2018-01-12 01:27:30.759124.
Proba 2018-01-12 01:27:31.143761.
Proba 2018-01-12 01:27:31.541578.
Proba 2018-01-12 01:27:31.947568.
Proba 2018-01-12 01:27:32.331162.
Proba 2018-01-12 01:27:32.716963.
Proba 2018-01-12 01:27:33.104261.
Proba 2018-01-12 01:27:33.498177.
Proba 2018-01-12 01:27:33.880452.
Proba 2018-01-12 01:27:34.266507.
Proba 2018-01-12 01:27:34.652298.
Proba 2018-01-12 01:27:35.043390.
Proba 2018-01-12 01:27:35.428634.
Proba 2018-01-12 01:27:35.813549.
Proba 2018-01-12 01:27:36.198263.
Proba 2018-01-12 01:27:36.604124.
Proba 2018-01-12 01:28:19.082499.
Proba 2018-01-12 01:28:20.920035.
Proba 2018-01-12 01:28:22.759828.
Proba 2018-01-12 01:28:24.601868.
Proba 2018-01-12 01:28:26.446834.
Proba 2018-01-12 01:28:28.289893.
Proba 2018-01-12 01:28:30.129401.
Proba 2018-01-12 01:28:31.969574.
Proba 2018-01-12 01:28:33.809215.
Proba 2018-01-12 01:28:35.649896.
Proba 2018-01-12 01:28:37.493713.
Proba 2018-01-12 01:28:39.335253.
Proba 2018-01-12 01:28:41.178221.
Proba 2018-01-12 01:28:43.045355.
Proba 2018-01-12 01:28:44.892084.
Proba 2018-01-12 01:28:46.739211.
Proba 2018-01-12 01:28:48.579001.
Proba 2018-01-12 01:28:50.422440.
Proba 2018-01-12 01:28:52.267578.
Proba 2018-01-12 01:28:54.109828.
